#
# A fatal error has been detected by the Java Runtime Environment:
#
#  SIGBUS (0xa) at pc=0x0000000103297e48, pid=2636, tid=0x0000000000002b03
#
# JRE version: OpenJDK Runtime Environment (8.0_112-b06) (build 1.8.0_112-release-b06)
# Java VM: OpenJDK 64-Bit Server VM (25.112-b06 mixed mode bsd-amd64 compressed oops)
# Problematic frame:
# V  [libjvm.dylib+0x497e48]
#
# Failed to write core dump. Core dumps have been disabled. To enable core dumping, try "ulimit -c unlimited" before starting Java again
#
# If you would like to submit a bug report, please visit:
#   http://bugreport.java.com/bugreport/crash.jsp
#

---------------  T H R E A D  ---------------

Current thread (0x00007fc48c006800):  GCTaskThread [stack: 0x000070000940d000,0x000070000950d000] [id=11011]

siginfo: si_signo: 10 (SIGBUS), si_code: 2 (BUS_ADRERR), si_addr: 0x00000007fffffff8

Registers:
RAX=0x00000007fffffff8, RBX=0x0000000000010001, RCX=0x0000000000000003, RDX=0x0000000000000000
RSP=0x000070000950cc30, RBP=0x000070000950cc60, RSI=0x00000007b618e511, RDI=0x00007fc48c02fd40
R8 =0x0000000103686b76, R9 =0x00000007b614e5b0, R10=0x00000007b618e5c8, R11=0x000000000a700220
R12=0x00000007b618e514, R13=0x00000001035e4d50, R14=0x00007fc48c02fd40, R15=0x000000000000ffd5
RIP=0x0000000103297e48, EFLAGS=0x0000000000010202, ERR=0x0000000000000004
  TRAPNO=0x000000000000000e

Top of Stack: (sp=0x000070000950cc30)
0x000070000950cc30:   000070000950cc60 00007fc48c02fd40
0x000070000950cc40:   0000000103686b76 00000007aba4e392
0x000070000950cc50:   00007fc48c02fda0 00007fc48c02fdd8
0x000070000950cc60:   000070000950ccc0 0000000103297541
0x000070000950cc70:   00000006c33afbbc 00000007c0017468
0x000070000950cc80:   00000007aba4e392 00000007c0017468
0x000070000950cc90:   00007fc48c02fd40 00000006c33afc38
0x000070000950cca0:   0000000103ccfd7e 00000006c33afc00
0x000070000950ccb0:   0000000103ccfd81 0000000000000240
0x000070000950ccc0:   000070000950cd80 0000000102f55dd8
0x000070000950ccd0:   0000000000000000 0000000000000200
0x000070000950cce0:   fffffffefc2d7fdf 0000000000000100
0x000070000950ccf0:   0000000103d2801f 00000001006b6100
0x000070000950cd00:   0000000103d28020 0000000003619c00
0x000070000950cd10:   fffffffefc33027f 0000000003672020
0x000070000950cd20:   0000000103ccfd80 0000000103ccfd01
0x000070000950cd30:   00000006ce403fc0 00000006c33b0030
0x000070000950cd40:   00007fc48ae01b30 00007fc48c02fd40
0x000070000950cd50:   00007fc48ae018f0 00007fc48ae09ea0
0x000070000950cd60:   0000000000000000 00000001033db9bd
0x000070000950cd70:   00007fc48c02fd40 0000000000000001
0x000070000950cd80:   000070000950cdb0 000000010329b00f
0x000070000950cd90:   0000000000000004 00007fc48ae04db0
0x000070000950cda0:   00007fc48c006800 00007fc48ae09ea0
0x000070000950cdb0:   000070000950ce90 000000010306dc37
0x000070000950cdc0:   000070000950cdf0 00007fc48ae08130
0x000070000950cdd0:   00007fc48ae08160 00007fc48ae08170
0x000070000950cde0:   00007fc48ae08548 00000000000003d8
0x000070000950cdf0:   00007fc48c006800 00007fc48ae08550
0x000070000950ce00:   00007fc48ae08590 00007fc48ae085a0
0x000070000950ce10:   00007fc48ae08678 00000000000000d8
0x000070000950ce20:   000070000950ce30 0000000000000000 

Instructions: (pc=0x0000000103297e48)
0x0000000103297e28:   44 3f 00 48 3b 01 0f 82 8e 00 00 00 4d 85 e4 0f
0x0000000103297e38:   84 85 00 00 00 41 8b 4d 08 48 d3 e0 49 8b 55 00
0x0000000103297e48:   48 8b 34 10 48 83 e6 03 48 83 fe 03 75 61 48 8b
0x0000000103297e58:   04 02 48 8d 35 79 91 33 00 80 3e 00 74 11 48 89 

Register to memory mapping:

RAX=0x00000007fffffff8 is an unknown value
RBX=0x0000000000010001 is an unknown value
RCX=0x0000000000000003 is an unknown value
RDX=0x0000000000000000 is an unknown value
RSP=0x000070000950cc30 is an unknown value
RBP=0x000070000950cc60 is an unknown value
RSI=0x00000007b618e511 is an unknown value
RDI=0x00007fc48c02fd40 is an unknown value
R8 =0x0000000103686b76: AssumeMP+0 in /Applications/Android Studio.app/Contents/jre/jdk/Contents/Home/jre/lib/server/libjvm.dylib at 0x0000000102e00000
R9 =0x00000007b614e5b0 is an oop
[Ljava.lang.Object; 
 - klass: 'java/lang/Object'[]
 - length: 65537
R10=0x00000007b618e5c8 is an oop
com.android.dx.dex.code.LocalSnapshot 
 - klass: 'com/android/dx/dex/code/LocalSnapshot'
R11=0x000000000a700220 is an unknown value
R12=0x00000007b618e514 is an unknown value
R13=0x00000001035e4d50: _ZN8Universe11_narrow_oopE+0 in /Applications/Android Studio.app/Contents/jre/jdk/Contents/Home/jre/lib/server/libjvm.dylib at 0x0000000102e00000
R14=0x00007fc48c02fd40 is an unknown value
R15=0x000000000000ffd5 is an unknown value


Stack: [0x000070000940d000,0x000070000950d000],  sp=0x000070000950cc30,  free space=1023k
Native frames: (J=compiled Java code, j=interpreted, Vv=VM code, C=native code)
V  [libjvm.dylib+0x497e48]
V  [libjvm.dylib+0x497541]
V  [libjvm.dylib+0x155dd8]
V  [libjvm.dylib+0x49b00f]
V  [libjvm.dylib+0x26dc37]
V  [libjvm.dylib+0x45bf0a]
C  [libsystem_pthread.dylib+0x3abb]  _pthread_body+0xb4
C  [libsystem_pthread.dylib+0x3a07]  _pthread_body+0x0
C  [libsystem_pthread.dylib+0x3231]  thread_start+0xd


---------------  P R O C E S S  ---------------

Java Threads: ( => current thread )
  0x00007fc48b85d800 JavaThread "pool-2-thread-4" [_thread_blocked, id=21763, stack(0x000070000a237000,0x000070000a337000)]
  0x00007fc48b91d000 JavaThread "pool-2-thread-3" [_thread_blocked, id=21251, stack(0x000070000a134000,0x000070000a234000)]
  0x00007fc48b8df800 JavaThread "pool-2-thread-2" [_thread_blocked, id=20739, stack(0x000070000a031000,0x000070000a131000)]
  0x00007fc48c98d000 JavaThread "pool-3-thread-1" [_thread_blocked, id=20227, stack(0x0000700009f2e000,0x000070000a02e000)]
  0x00007fc48b18b000 JavaThread "pool-2-thread-1" [_thread_blocked, id=19715, stack(0x0000700009e2b000,0x0000700009f2b000)]
  0x00007fc48b03c000 JavaThread "Service Thread" daemon [_thread_blocked, id=18691, stack(0x0000700009c25000,0x0000700009d25000)]
  0x00007fc48b04d000 JavaThread "C1 CompilerThread2" daemon [_thread_blocked, id=18179, stack(0x0000700009b22000,0x0000700009c22000)]
  0x00007fc48b04c800 JavaThread "C2 CompilerThread1" daemon [_thread_in_native, id=17667, stack(0x0000700009a1f000,0x0000700009b1f000)]
  0x00007fc48c040000 JavaThread "C2 CompilerThread0" daemon [_thread_in_native, id=17155, stack(0x000070000991c000,0x0000700009a1c000)]
  0x00007fc48c03e800 JavaThread "Signal Dispatcher" daemon [_thread_blocked, id=16643, stack(0x0000700009819000,0x0000700009919000)]
  0x00007fc48c821000 JavaThread "Finalizer" daemon [_thread_blocked, id=12547, stack(0x0000700009716000,0x0000700009816000)]
  0x00007fc48c81e800 JavaThread "Reference Handler" daemon [_thread_blocked, id=12035, stack(0x0000700009613000,0x0000700009713000)]
  0x00007fc48c801800 JavaThread "main" [_thread_blocked, id=7171, stack(0x0000700009001000,0x0000700009101000)]

Other Threads:
  0x00007fc48c030800 VMThread [stack: 0x0000700009510000,0x0000700009610000] [id=11523]
  0x00007fc48b801800 WatcherThread [stack: 0x0000700009d28000,0x0000700009e28000] [id=19203]

=>0x00007fc48c006800 (exited) GCTaskThread [stack: 0x000070000940d000,0x000070000950d000] [id=11011]

VM state:at safepoint (normal execution)

VM Mutex/Monitor currently owned by a thread:  ([mutex/lock_event])
[0x00007fc48ac10de0] Threads_lock - owner thread: 0x00007fc48c030800
[0x00007fc48ac112e0] Heap_lock - owner thread: 0x00007fc48b91d000

Heap:
 PSYoungGen      total 1127936K, used 1127924K [0x000000076ab00000, 0x00000007c0000000, 0x00000007c0000000)
  eden space 993792K, 100% used [0x000000076ab00000,0x00000007a7580000,0x00000007a7580000)
  from space 134144K, 99% used [0x00000007a7580000,0x00000007af87d360,0x00000007af880000)
  to   space 182784K, 12% used [0x00000007b4d80000,0x00000007b638e5c8,0x00000007c0000000)
 ParOldGen       total 337920K, used 278811K [0x00000006c0000000, 0x00000006d4a00000, 0x000000076ab00000)
  object space 337920K, 82% used [0x00000006c0000000,0x00000006d1046c20,0x00000006d4a00000)
 Metaspace       used 6459K, capacity 7344K, committed 7552K, reserved 1056768K
  class space    used 590K, capacity 616K, committed 640K, reserved 1048576K

Card table byte_map: [0x0000000103cb6000,0x00000001044b7000] byte_map_base: 0x00000001006b6000

Marking Bits: (ParMarkBitMap*) 0x000000010368bed0
 Begin Bits: [0x000000011982b000, 0x000000011d82b000)
 End Bits:   [0x000000011d82b000, 0x000000012182b000)

Polling page: 0x0000000102552000

CodeCache: size=245760Kb used=11997Kb max_used=11997Kb free=233762Kb
 bounds [0x000000010a82b000, 0x000000010b3eb000, 0x000000011982b000]
 total_blobs=2821 nmethods=2559 adapters=176
 compilation: enabled

Compilation events (10 events):
Event: 21.719 Thread 0x00007fc48b04d000 2877 %     3       com.android.dx.cf.code.LocalsArraySet::<init> @ 55 (110 bytes)
Event: 21.722 Thread 0x00007fc48b04d000 nmethod 2877% 0x000000010b3def50 code [0x000000010b3df280, 0x000000010b3e0b68]
Event: 21.728 Thread 0x00007fc48b04d000 2878       2       com.android.dx.cf.code.BytecodeArray::parseLookupswitch (175 bytes)
Event: 21.729 Thread 0x00007fc48b04d000 nmethod 2878 0x000000010b3e1b90 code [0x000000010b3e1dc0, 0x000000010b3e2568]
Event: 21.910 Thread 0x00007fc48b04d000 2879       3       com.android.dx.cf.code.LocalsArraySet::setImmutable (50 bytes)
Event: 21.911 Thread 0x00007fc48b04d000 nmethod 2879 0x000000010b3e2f10 code [0x000000010b3e3100, 0x000000010b3e3958]
Event: 21.947 Thread 0x00007fc48b04d000 2880       1       com.android.dx.cf.code.ReturnAddress::hashCode (5 bytes)
Event: 21.947 Thread 0x00007fc48b04d000 nmethod 2880 0x000000010b3e3d50 code [0x000000010b3e3ea0, 0x000000010b3e3fb0]
Event: 21.955 Thread 0x00007fc48b04d000 2881       3       java.util.DualPivotQuicksort::sort (1195 bytes)
Event: 21.960 Thread 0x00007fc48b04d000 nmethod 2881 0x000000010b3e4010 code [0x000000010b3e43c0, 0x000000010b3e6468]

GC Heap History (10 events):
Event: 6.613 GC heap after
Heap after GC invocations=6 (full 0):
 PSYoungGen      total 569856K, used 46338K [0x000000076ab00000, 0x0000000792600000, 0x00000007c0000000)
  eden space 515584K, 0% used [0x000000076ab00000,0x000000076ab00000,0x000000078a280000)
  from space 54272K, 85% used [0x000000078e000000,0x0000000790d40828,0x0000000791500000)
  to   space 62976K, 0% used [0x000000078a280000,0x000000078a280000,0x000000078e000000)
 ParOldGen       total 175104K, used 69345K [0x00000006c0000000, 0x00000006cab00000, 0x000000076ab00000)
  object space 175104K, 39% used [0x00000006c0000000,0x00000006c43b8570,0x00000006cab00000)
 Metaspace       used 6335K, capacity 7280K, committed 7552K, reserved 1056768K
  class space    used 586K, capacity 616K, committed 640K, reserved 1048576K
}
Event: 8.646 GC heap before
{Heap before GC invocations=7 (full 0):
 PSYoungGen      total 569856K, used 561922K [0x000000076ab00000, 0x0000000792600000, 0x00000007c0000000)
  eden space 515584K, 100% used [0x000000076ab00000,0x000000078a280000,0x000000078a280000)
  from space 54272K, 85% used [0x000000078e000000,0x0000000790d40828,0x0000000791500000)
  to   space 62976K, 0% used [0x000000078a280000,0x000000078a280000,0x000000078e000000)
 ParOldGen       total 175104K, used 69345K [0x00000006c0000000, 0x00000006cab00000, 0x000000076ab00000)
  object space 175104K, 39% used [0x00000006c0000000,0x00000006c43b8570,0x00000006cab00000)
 Metaspace       used 6366K, capacity 7280K, committed 7552K, reserved 1056768K
  class space    used 586K, capacity 616K, committed 640K, reserved 1048576K
Event: 8.875 GC heap after
Heap after GC invocations=7 (full 0):
 PSYoungGen      total 578560K, used 62975K [0x000000076ab00000, 0x00000007b5700000, 0x00000007c0000000)
  eden space 515584K, 0% used [0x000000076ab00000,0x000000076ab00000,0x000000078a280000)
  from space 62976K, 99% used [0x000000078a280000,0x000000078dfffce0,0x000000078e000000)
  to   space 96768K, 0% used [0x00000007af880000,0x00000007af880000,0x00000007b5700000)
 ParOldGen       total 175104K, used 109463K [0x00000006c0000000, 0x00000006cab00000, 0x000000076ab00000)
  object space 175104K, 62% used [0x00000006c0000000,0x00000006c6ae5fe8,0x00000006cab00000)
 Metaspace       used 6366K, capacity 7280K, committed 7552K, reserved 1056768K
  class space    used 586K, capacity 616K, committed 640K, reserved 1048576K
}
Event: 11.248 GC heap before
{Heap before GC invocations=8 (full 0):
 PSYoungGen      total 578560K, used 578559K [0x000000076ab00000, 0x00000007b5700000, 0x00000007c0000000)
  eden space 515584K, 100% used [0x000000076ab00000,0x000000078a280000,0x000000078a280000)
  from space 62976K, 99% used [0x000000078a280000,0x000000078dfffce0,0x000000078e000000)
  to   space 96768K, 0% used [0x00000007af880000,0x00000007af880000,0x00000007b5700000)
 ParOldGen       total 175104K, used 109463K [0x00000006c0000000, 0x00000006cab00000, 0x000000076ab00000)
  object space 175104K, 62% used [0x00000006c0000000,0x00000006c6ae5fe8,0x00000006cab00000)
 Metaspace       used 6383K, capacity 7280K, committed 7552K, reserved 1056768K
  class space    used 586K, capacity 616K, committed 640K, reserved 1048576K
Event: 11.612 GC heap after
Heap after GC invocations=8 (full 0):
 PSYoungGen      total 1090560K, used 96746K [0x000000076ab00000, 0x00000007ba000000, 0x00000007c0000000)
  eden space 993792K, 0% used [0x000000076ab00000,0x000000076ab00000,0x00000007a7580000)
  from space 96768K, 99% used [0x00000007af880000,0x00000007b56fa9a8,0x00000007b5700000)
  to   space 134144K, 0% used [0x00000007a7580000,0x00000007a7580000,0x00000007af880000)
 ParOldGen       total 175104K, used 151340K [0x00000006c0000000, 0x00000006cab00000, 0x000000076ab00000)
  object space 175104K, 86% used [0x00000006c0000000,0x00000006c93cb168,0x00000006cab00000)
 Metaspace       used 6383K, capacity 7280K, committed 7552K, reserved 1056768K
  class space    used 586K, capacity 616K, committed 640K, reserved 1048576K
}
Event: 11.612 GC heap before
{Heap before GC invocations=9 (full 1):
 PSYoungGen      total 1090560K, used 96746K [0x000000076ab00000, 0x00000007ba000000, 0x00000007c0000000)
  eden space 993792K, 0% used [0x000000076ab00000,0x000000076ab00000,0x00000007a7580000)
  from space 96768K, 99% used [0x00000007af880000,0x00000007b56fa9a8,0x00000007b5700000)
  to   space 134144K, 0% used [0x00000007a7580000,0x00000007a7580000,0x00000007af880000)
 ParOldGen       total 175104K, used 151340K [0x00000006c0000000, 0x00000006cab00000, 0x000000076ab00000)
  object space 175104K, 86% used [0x00000006c0000000,0x00000006c93cb168,0x00000006cab00000)
 Metaspace       used 6383K, capacity 7280K, committed 7552K, reserved 1056768K
  class space    used 586K, capacity 616K, committed 640K, reserved 1048576K
Event: 13.719 GC heap after
Heap after GC invocations=9 (full 1):
 PSYoungGen      total 1090560K, used 61736K [0x000000076ab00000, 0x00000007ba000000, 0x00000007c0000000)
  eden space 993792K, 0% used [0x000000076ab00000,0x000000076ab00000,0x00000007a7580000)
  from space 96768K, 63% used [0x00000007af880000,0x00000007b34ca190,0x00000007b5700000)
  to   space 134144K, 0% used [0x00000007a7580000,0x00000007a7580000,0x00000007af880000)
 ParOldGen       total 337920K, used 175001K [0x00000006c0000000, 0x00000006d4a00000, 0x000000076ab00000)
  object space 337920K, 51% used [0x00000006c0000000,0x00000006caae67f8,0x00000006d4a00000)
 Metaspace       used 6383K, capacity 7280K, committed 7552K, reserved 1056768K
  class space    used 586K, capacity 616K, committed 640K, reserved 1048576K
}
Event: 17.860 GC heap before
{Heap before GC invocations=10 (full 1):
 PSYoungGen      total 1090560K, used 1055528K [0x000000076ab00000, 0x00000007ba000000, 0x00000007c0000000)
  eden space 993792K, 100% used [0x000000076ab00000,0x00000007a7580000,0x00000007a7580000)
  from space 96768K, 63% used [0x00000007af880000,0x00000007b34ca190,0x00000007b5700000)
  to   space 134144K, 0% used [0x00000007a7580000,0x00000007a7580000,0x00000007af880000)
 ParOldGen       total 337920K, used 175001K [0x00000006c0000000, 0x00000006d4a00000, 0x000000076ab00000)
  object space 337920K, 51% used [0x00000006c0000000,0x00000006caae67f8,0x00000006d4a00000)
 Metaspace       used 6401K, capacity 7280K, committed 7552K, reserved 1056768K
  class space    used 586K, capacity 616K, committed 640K, reserved 1048576K
Event: 18.295 GC heap after
Heap after GC invocations=10 (full 1):
 PSYoungGen      total 1127936K, used 134132K [0x000000076ab00000, 0x00000007c0000000, 0x00000007c0000000)
  eden space 993792K, 0% used [0x000000076ab00000,0x000000076ab00000,0x00000007a7580000)
  from space 134144K, 99% used [0x00000007a7580000,0x00000007af87d360,0x00000007af880000)
  to   space 182784K, 0% used [0x00000007b4d80000,0x00000007b4d80000,0x00000007c0000000)
 ParOldGen       total 337920K, used 233487K [0x00000006c0000000, 0x00000006d4a00000, 0x000000076ab00000)
  object space 337920K, 69% used [0x00000006c0000000,0x00000006ce403fc0,0x00000006d4a00000)
 Metaspace       used 6401K, capacity 7280K, committed 7552K, reserved 1056768K
  class space    used 586K, capacity 616K, committed 640K, reserved 1048576K
}
Event: 21.978 GC heap before
{Heap before GC invocations=11 (full 1):
 PSYoungGen      total 1127936K, used 1127924K [0x000000076ab00000, 0x00000007c0000000, 0x00000007c0000000)
  eden space 993792K, 100% used [0x000000076ab00000,0x00000007a7580000,0x00000007a7580000)
  from space 134144K, 99% used [0x00000007a7580000,0x00000007af87d360,0x00000007af880000)
  to   space 182784K, 0% used [0x00000007b4d80000,0x00000007b4d80000,0x00000007c0000000)
 ParOldGen       total 337920K, used 233487K [0x00000006c0000000, 0x00000006d4a00000, 0x000000076ab00000)
  object space 337920K, 69% used [0x00000006c0000000,0x00000006ce403fc0,0x00000006d4a00000)
 Metaspace       used 6459K, capacity 7344K, committed 7552K, reserved 1056768K
  class space    used 590K, capacity 616K, committed 640K, reserved 1048576K

Deoptimization events (10 events):
Event: 18.826 Thread 0x00007fc48c801800 Uncommon trap: reason=unstable_if action=reinterpret pc=0x000000010a9a8f80 method=java.util.regex.Pattern$BnM.optimize(Ljava/util/regex/Pattern$Node;)Ljava/util/regex/Pattern$Node; @ 22
Event: 18.826 Thread 0x00007fc48c801800 Uncommon trap: reason=class_check action=maybe_recompile pc=0x000000010a9b716c method=java.util.regex.Matcher.search(I)Z @ 86
Event: 19.035 Thread 0x00007fc48c801800 Uncommon trap: reason=bimorphic action=maybe_recompile pc=0x000000010b30a740 method=com.android.dx.cf.code.BytecodeArray.parseInstruction(ILcom/android/dx/cf/code/BytecodeArray$Visitor;)I @ 891
Event: 19.035 Thread 0x00007fc48c801800 Uncommon trap: reason=bimorphic action=maybe_recompile pc=0x000000010b30a740 method=com.android.dx.cf.code.BytecodeArray.parseInstruction(ILcom/android/dx/cf/code/BytecodeArray$Visitor;)I @ 891
Event: 20.683 Thread 0x00007fc48b91d000 Uncommon trap: reason=bimorphic action=maybe_recompile pc=0x000000010b38c7b8 method=com.android.dx.cf.code.BytecodeArray.parseInstruction(ILcom/android/dx/cf/code/BytecodeArray$Visitor;)I @ 1867
Event: 20.684 Thread 0x00007fc48b91d000 Uncommon trap: reason=bimorphic action=maybe_recompile pc=0x000000010b38c7b8 method=com.android.dx.cf.code.BytecodeArray.parseInstruction(ILcom/android/dx/cf/code/BytecodeArray$Visitor;)I @ 1867
Event: 21.036 Thread 0x00007fc48b91d000 Uncommon trap: reason=unloaded action=reinterpret pc=0x000000010b3a4cac method=com.android.dx.cf.code.ValueAwareMachine.run(Lcom/android/dx/cf/code/Frame;II)V @ 907
Event: 21.038 Thread 0x00007fc48b91d000 Uncommon trap: reason=unstable_if action=reinterpret pc=0x000000010b338a00 method=com.android.dx.cf.code.Merger.isPossiblyAssignableFrom(Lcom/android/dx/rop/type/TypeBearer;Lcom/android/dx/rop/type/TypeBearer;)Z @ 55
Event: 21.049 Thread 0x00007fc48b91d000 Uncommon trap: reason=unstable_if action=reinterpret pc=0x000000010b2c70ac method=com.android.dx.ssa.DeadCodeRemover.pruneDeadInstructions()V @ 49
Event: 21.639 Thread 0x00007fc48b8df800 Uncommon trap: reason=unstable_if action=reinterpret pc=0x000000010b1f8050 method=com.android.dx.ssa.SsaBasicBlock.replaceSuccessor(II)V @ 2

Internal exceptions (6 events):
Event: 0.034 Thread 0x00007fc48c801800 Exception <a 'java/lang/NoSuchMethodError': Method sun.misc.Unsafe.defineClass(Ljava/lang/String;[BII)Ljava/lang/Class; name or signature does not match> (0x000000076ab07c78) thrown at [/Volumes/Android_AOSP/AOSP-openjdk/external/jetbrains/jdk/hotspot/src
Event: 0.034 Thread 0x00007fc48c801800 Exception <a 'java/lang/NoSuchMethodError': Method sun.misc.Unsafe.prefetchRead(Ljava/lang/Object;J)V name or signature does not match> (0x000000076ab07f60) thrown at [/Volumes/Android_AOSP/AOSP-openjdk/external/jetbrains/jdk/hotspot/src/share/vm/prims/jn
Event: 1.588 Thread 0x00007fc48b8df800 Implicit null exception at 0x000000010ab77ef3 to 0x000000010ab7a7d9
Event: 2.317 Thread 0x00007fc48b18b000 Exception <a 'java/lang/ArrayIndexOutOfBoundsException': 18> (0x0000000771353270) thrown at [/Volumes/Android_AOSP/AOSP-openjdk/external/jetbrains/jdk/hotspot/src/share/vm/interpreter/interpreterRuntime.cpp, line 366]
Event: 2.317 Thread 0x00007fc48b18b000 Exception <a 'java/lang/ArrayIndexOutOfBoundsException': 145> (0x0000000771354df0) thrown at [/Volumes/Android_AOSP/AOSP-openjdk/external/jetbrains/jdk/hotspot/src/share/vm/interpreter/interpreterRuntime.cpp, line 366]
Event: 2.318 Thread 0x00007fc48b18b000 Exception <a 'java/lang/ArrayIndexOutOfBoundsException': 40> (0x00000007713560d8) thrown at [/Volumes/Android_AOSP/AOSP-openjdk/external/jetbrains/jdk/hotspot/src/share/vm/interpreter/interpreterRuntime.cpp, line 366]

Events (10 events):
Event: 21.938 Thread 0x00007fc48b18b000 DEOPT UNPACKING pc=0x000000010a872373 sp=0x0000700009f29a58 mode 0
Event: 21.954 Thread 0x00007fc48c801800 DEOPT PACKING pc=0x000000010af2abab sp=0x00007000090ff570
Event: 21.954 Thread 0x00007fc48c801800 DEOPT UNPACKING pc=0x000000010a872373 sp=0x00007000090ff278 mode 0
Event: 21.958 Thread 0x00007fc48c801800 DEOPT PACKING pc=0x000000010ad4d63a sp=0x00007000090ff510
Event: 21.958 Thread 0x00007fc48c801800 DEOPT UNPACKING pc=0x000000010a872373 sp=0x00007000090ff370 mode 0
Event: 21.971 Thread 0x00007fc48b91d000 DEOPT PACKING pc=0x000000010aba3064 sp=0x000070000a232da0
Event: 21.971 Thread 0x00007fc48b91d000 DEOPT UNPACKING pc=0x000000010a872373 sp=0x000070000a232b28 mode 0
Event: 21.973 Thread 0x00007fc48b85d800 DEOPT PACKING pc=0x000000010aba570a sp=0x000070000a335ee0
Event: 21.973 Thread 0x00007fc48b85d800 DEOPT UNPACKING pc=0x000000010a872373 sp=0x000070000a335cc8 mode 0
Event: 21.973 Executing VM operation: ParallelGCFailedAllocation


Dynamic libraries:
0x000000003b741000 	/System/Library/Frameworks/Cocoa.framework/Versions/A/Cocoa
0x000000003b741000 	/System/Library/Frameworks/Security.framework/Versions/A/Security
0x000000003b741000 	/System/Library/Frameworks/ApplicationServices.framework/Versions/A/ApplicationServices
0x000000003b741000 	/usr/lib/libz.1.dylib
0x000000003b741000 	/usr/lib/libSystem.B.dylib
0x000000003b741000 	/usr/lib/libobjc.A.dylib
0x000000003b741000 	/System/Library/Frameworks/Foundation.framework/Versions/C/Foundation
0x000000003b741000 	/System/Library/Frameworks/CoreFoundation.framework/Versions/A/CoreFoundation
0x000000003b741000 	/System/Library/Frameworks/AppKit.framework/Versions/C/AppKit
0x000000003b741000 	/System/Library/Frameworks/CoreData.framework/Versions/A/CoreData
0x000000003b741000 	/System/Library/PrivateFrameworks/RemoteViewServices.framework/Versions/A/RemoteViewServices
0x000000003b741000 	/System/Library/PrivateFrameworks/UIFoundation.framework/Versions/A/UIFoundation
0x000000003b741000 	/usr/lib/libenergytrace.dylib
0x000000003b741000 	/System/Library/PrivateFrameworks/SkyLight.framework/Versions/A/SkyLight
0x000000003b741000 	/System/Library/Frameworks/CoreGraphics.framework/Versions/A/CoreGraphics
0x000000003b741000 	/usr/lib/libScreenReader.dylib
0x000000003b741000 	/System/Library/Frameworks/Accelerate.framework/Versions/A/Accelerate
0x000000003b741000 	/System/Library/Frameworks/IOSurface.framework/Versions/A/IOSurface
0x000000003b741000 	/System/Library/Frameworks/AudioToolbox.framework/Versions/A/AudioToolbox
0x000000003b741000 	/System/Library/Frameworks/AudioUnit.framework/Versions/A/AudioUnit
0x000000003b741000 	/System/Library/PrivateFrameworks/DataDetectorsCore.framework/Versions/A/DataDetectorsCore
0x000000003b741000 	/System/Library/PrivateFrameworks/DesktopServicesPriv.framework/Versions/A/DesktopServicesPriv
0x000000003b741000 	/System/Library/Frameworks/Carbon.framework/Versions/A/Frameworks/HIToolbox.framework/Versions/A/HIToolbox
0x000000003b741000 	/usr/lib/libicucore.A.dylib
0x000000003b741000 	/System/Library/Frameworks/QuartzCore.framework/Versions/A/QuartzCore
0x000000003b741000 	/System/Library/Frameworks/Carbon.framework/Versions/A/Frameworks/SpeechRecognition.framework/Versions/A/SpeechRecognition
0x000000003b741000 	/usr/lib/libauto.dylib
0x000000003b741000 	/usr/lib/libxml2.2.dylib
0x000000003b741000 	/System/Library/PrivateFrameworks/CoreUI.framework/Versions/A/CoreUI
0x000000003b741000 	/System/Library/Frameworks/CoreAudio.framework/Versions/A/CoreAudio
0x000000003b741000 	/System/Library/Frameworks/DiskArbitration.framework/Versions/A/DiskArbitration
0x000000003b741000 	/usr/lib/liblangid.dylib
0x000000003b741000 	/System/Library/PrivateFrameworks/MultitouchSupport.framework/Versions/A/MultitouchSupport
0x000000003b741000 	/System/Library/Frameworks/IOKit.framework/Versions/A/IOKit
0x000000003b741000 	/usr/lib/libDiagnosticMessagesClient.dylib
0x000000003b741000 	/System/Library/Frameworks/CoreServices.framework/Versions/A/CoreServices
0x000000003b741000 	/System/Library/PrivateFrameworks/PerformanceAnalysis.framework/Versions/A/PerformanceAnalysis
0x000000003b741000 	/System/Library/PrivateFrameworks/GenerationalStorage.framework/Versions/A/GenerationalStorage
0x000000003b741000 	/System/Library/Frameworks/OpenGL.framework/Versions/A/OpenGL
0x000000003b741000 	/System/Library/Frameworks/CoreImage.framework/Versions/A/CoreImage
0x000000003b741000 	/System/Library/Frameworks/CoreText.framework/Versions/A/CoreText
0x000000003b741000 	/System/Library/Frameworks/ImageIO.framework/Versions/A/ImageIO
0x000000003b741000 	/System/Library/PrivateFrameworks/Backup.framework/Versions/A/Backup
0x000000003b741000 	/usr/lib/libarchive.2.dylib
0x000000003b741000 	/System/Library/Frameworks/CFNetwork.framework/Versions/A/CFNetwork
0x000000003b741000 	/System/Library/Frameworks/SystemConfiguration.framework/Versions/A/SystemConfiguration
0x000000003b741000 	/usr/lib/libCRFSuite.dylib
0x000000003b741000 	/usr/lib/libc++.1.dylib
0x000000003b741000 	/usr/lib/libc++abi.dylib
0x000000003b741000 	/usr/lib/system/libcache.dylib
0x000000003b741000 	/usr/lib/system/libcommonCrypto.dylib
0x000000003b741000 	/usr/lib/system/libcompiler_rt.dylib
0x000000003b741000 	/usr/lib/system/libcopyfile.dylib
0x000000003b741000 	/usr/lib/system/libcorecrypto.dylib
0x000000003b741000 	/usr/lib/system/libdispatch.dylib
0x000000003b741000 	/usr/lib/system/libdyld.dylib
0x000000003b741000 	/usr/lib/system/libkeymgr.dylib
0x000000003b741000 	/usr/lib/system/liblaunch.dylib
0x000000003b741000 	/usr/lib/system/libmacho.dylib
0x000000003b741000 	/usr/lib/system/libquarantine.dylib
0x000000003b741000 	/usr/lib/system/libremovefile.dylib
0x000000003b741000 	/usr/lib/system/libsystem_asl.dylib
0x000000003b741000 	/usr/lib/system/libsystem_blocks.dylib
0x000000003b741000 	/usr/lib/system/libsystem_c.dylib
0x000000003b741000 	/usr/lib/system/libsystem_configuration.dylib
0x000000003b741000 	/usr/lib/system/libsystem_coreservices.dylib
0x000000003b741000 	/usr/lib/system/libsystem_coretls.dylib
0x000000003b741000 	/usr/lib/system/libsystem_dnssd.dylib
0x000000003b741000 	/usr/lib/system/libsystem_info.dylib
0x000000003b741000 	/usr/lib/system/libsystem_kernel.dylib
0x000000003b741000 	/usr/lib/system/libsystem_m.dylib
0x000000003b741000 	/usr/lib/system/libsystem_malloc.dylib
0x000000003b741000 	/usr/lib/system/libsystem_network.dylib
0x000000003b741000 	/usr/lib/system/libsystem_networkextension.dylib
0x000000003b741000 	/usr/lib/system/libsystem_notify.dylib
0x000000003b741000 	/usr/lib/system/libsystem_platform.dylib
0x000000003b741000 	/usr/lib/system/libsystem_pthread.dylib
0x000000003b741000 	/usr/lib/system/libsystem_sandbox.dylib
0x000000003b741000 	/usr/lib/system/libsystem_secinit.dylib
0x000000003b741000 	/usr/lib/system/libsystem_symptoms.dylib
0x000000003b741000 	/usr/lib/system/libsystem_trace.dylib
0x000000003b741000 	/usr/lib/system/libunwind.dylib
0x000000003b741000 	/usr/lib/system/libxpc.dylib
0x000000003b741000 	/usr/lib/libbsm.0.dylib
0x000000003b741000 	/usr/lib/system/libkxld.dylib
0x000000003b741000 	/usr/lib/libcoretls.dylib
0x000000003b741000 	/usr/lib/libcoretls_cfhelpers.dylib
0x000000003b741000 	/usr/lib/libxar.1.dylib
0x000000003b741000 	/usr/lib/libsqlite3.dylib
0x000000003b741000 	/usr/lib/libpam.2.dylib
0x000000003b741000 	/usr/lib/libOpenScriptingUtil.dylib
0x000000003b741000 	/usr/lib/libbz2.1.0.dylib
0x000000003b741000 	/usr/lib/liblzma.5.dylib
0x000000003b741000 	/usr/lib/libnetwork.dylib
0x000000003b741000 	/usr/lib/libpcap.A.dylib
0x000000003b741000 	/System/Library/Frameworks/CoreServices.framework/Versions/A/Frameworks/FSEvents.framework/Versions/A/FSEvents
0x000000003b741000 	/System/Library/Frameworks/CoreServices.framework/Versions/A/Frameworks/CarbonCore.framework/Versions/A/CarbonCore
0x000000003b741000 	/System/Library/Frameworks/CoreServices.framework/Versions/A/Frameworks/Metadata.framework/Versions/A/Metadata
0x000000003b741000 	/System/Library/Frameworks/CoreServices.framework/Versions/A/Frameworks/OSServices.framework/Versions/A/OSServices
0x000000003b741000 	/System/Library/Frameworks/CoreServices.framework/Versions/A/Frameworks/SearchKit.framework/Versions/A/SearchKit
0x000000003b741000 	/System/Library/Frameworks/CoreServices.framework/Versions/A/Frameworks/AE.framework/Versions/A/AE
0x000000003b741000 	/System/Library/Frameworks/CoreServices.framework/Versions/A/Frameworks/LaunchServices.framework/Versions/A/LaunchServices
0x000000003b741000 	/System/Library/Frameworks/CoreServices.framework/Versions/A/Frameworks/DictionaryServices.framework/Versions/A/DictionaryServices
0x000000003b741000 	/System/Library/Frameworks/CoreServices.framework/Versions/A/Frameworks/SharedFileList.framework/Versions/A/SharedFileList
0x000000003b741000 	/System/Library/Frameworks/NetFS.framework/Versions/A/NetFS
0x000000003b741000 	/System/Library/PrivateFrameworks/NetAuth.framework/Versions/A/NetAuth
0x000000003b741000 	/System/Library/PrivateFrameworks/login.framework/Versions/A/Frameworks/loginsupport.framework/Versions/A/loginsupport
0x000000003b741000 	/System/Library/PrivateFrameworks/TCC.framework/Versions/A/TCC
0x000000003b741000 	/usr/lib/libmecabra.dylib
0x000000003b741000 	/System/Library/Frameworks/ApplicationServices.framework/Versions/A/Frameworks/ATS.framework/Versions/A/ATS
0x000000003b741000 	/System/Library/Frameworks/ApplicationServices.framework/Versions/A/Frameworks/ColorSync.framework/Versions/A/ColorSync
0x000000003b741000 	/System/Library/Frameworks/ApplicationServices.framework/Versions/A/Frameworks/HIServices.framework/Versions/A/HIServices
0x000000003b741000 	/System/Library/Frameworks/ApplicationServices.framework/Versions/A/Frameworks/LangAnalysis.framework/Versions/A/LangAnalysis
0x000000003b741000 	/System/Library/Frameworks/ApplicationServices.framework/Versions/A/Frameworks/PrintCore.framework/Versions/A/PrintCore
0x000000003b741000 	/System/Library/Frameworks/ApplicationServices.framework/Versions/A/Frameworks/QD.framework/Versions/A/QD
0x000000003b741000 	/System/Library/Frameworks/ApplicationServices.framework/Versions/A/Frameworks/SpeechSynthesis.framework/Versions/A/SpeechSynthesis
0x000000003b741000 	/System/Library/Frameworks/Accelerate.framework/Versions/A/Frameworks/vImage.framework/Versions/A/vImage
0x000000003b741000 	/System/Library/Frameworks/Accelerate.framework/Versions/A/Frameworks/vecLib.framework/Versions/A/vecLib
0x000000003b741000 	/System/Library/Frameworks/Accelerate.framework/Versions/A/Frameworks/vecLib.framework/Versions/A/libvDSP.dylib
0x000000003b741000 	/System/Library/Frameworks/Accelerate.framework/Versions/A/Frameworks/vecLib.framework/Versions/A/libBNNS.dylib
0x000000003b741000 	/System/Library/Frameworks/Accelerate.framework/Versions/A/Frameworks/vecLib.framework/Versions/A/libQuadrature.dylib
0x000000003b741000 	/System/Library/Frameworks/Accelerate.framework/Versions/A/Frameworks/vecLib.framework/Versions/A/libvMisc.dylib
0x000000003b741000 	/System/Library/Frameworks/Accelerate.framework/Versions/A/Frameworks/vecLib.framework/Versions/A/libLAPACK.dylib
0x000000003b741000 	/System/Library/Frameworks/Accelerate.framework/Versions/A/Frameworks/vecLib.framework/Versions/A/libBLAS.dylib
0x000000003b741000 	/System/Library/Frameworks/Accelerate.framework/Versions/A/Frameworks/vecLib.framework/Versions/A/libLinearAlgebra.dylib
0x000000003b741000 	/System/Library/Frameworks/Accelerate.framework/Versions/A/Frameworks/vecLib.framework/Versions/A/libSparseBLAS.dylib
0x000000003b741000 	/System/Library/Frameworks/ApplicationServices.framework/Versions/A/Frameworks/ATS.framework/Versions/A/Resources/libFontParser.dylib
0x000000003b741000 	/System/Library/Frameworks/ApplicationServices.framework/Versions/A/Frameworks/ATS.framework/Versions/A/Resources/libFontRegistry.dylib
0x000000003b741000 	/System/Library/Frameworks/ImageIO.framework/Versions/A/Resources/libJPEG.dylib
0x000000003b741000 	/System/Library/Frameworks/ImageIO.framework/Versions/A/Resources/libTIFF.dylib
0x000000003b741000 	/System/Library/Frameworks/ImageIO.framework/Versions/A/Resources/libPng.dylib
0x000000003b741000 	/System/Library/Frameworks/ImageIO.framework/Versions/A/Resources/libGIF.dylib
0x000000003b741000 	/System/Library/Frameworks/ImageIO.framework/Versions/A/Resources/libJP2.dylib
0x000000003b741000 	/System/Library/Frameworks/ImageIO.framework/Versions/A/Resources/libRadiance.dylib
0x000000003b741000 	/usr/lib/libcompression.dylib
0x000000003b741000 	/System/Library/PrivateFrameworks/AppleJPEG.framework/Versions/A/AppleJPEG
0x000000003b741000 	/usr/lib/libcups.2.dylib
0x000000003b741000 	/System/Library/Frameworks/Kerberos.framework/Versions/A/Kerberos
0x000000003b741000 	/System/Library/Frameworks/GSS.framework/Versions/A/GSS
0x000000003b741000 	/usr/lib/libresolv.9.dylib
0x000000003b741000 	/usr/lib/libiconv.2.dylib
0x000000003b741000 	/System/Library/PrivateFrameworks/Heimdal.framework/Versions/A/Heimdal
0x000000003b741000 	/usr/lib/libheimdal-asn1.dylib
0x000000003b741000 	/System/Library/Frameworks/OpenDirectory.framework/Versions/A/OpenDirectory
0x000000003b741000 	/System/Library/PrivateFrameworks/CommonAuth.framework/Versions/A/CommonAuth
0x000000003b741000 	/System/Library/Frameworks/OpenDirectory.framework/Versions/A/Frameworks/CFOpenDirectory.framework/Versions/A/CFOpenDirectory
0x000000003b741000 	/System/Library/Frameworks/SecurityFoundation.framework/Versions/A/SecurityFoundation
0x000000003b741000 	/System/Library/PrivateFrameworks/LanguageModeling.framework/Versions/A/LanguageModeling
0x000000003b741000 	/usr/lib/libmarisa.dylib
0x000000003b741000 	/usr/lib/libChineseTokenizer.dylib
0x000000003b741000 	/usr/lib/libcmph.dylib
0x000000003b741000 	/System/Library/PrivateFrameworks/CoreEmoji.framework/Versions/A/CoreEmoji
0x000000003b741000 	/System/Library/Frameworks/ServiceManagement.framework/Versions/A/ServiceManagement
0x000000003b741000 	/usr/lib/libxslt.1.dylib
0x000000003b741000 	/System/Library/Frameworks/Carbon.framework/Versions/A/Frameworks/Ink.framework/Versions/A/Ink
0x000000003b741000 	/System/Library/PrivateFrameworks/TextureIO.framework/Versions/A/TextureIO
0x000000003b741000 	/System/Library/Frameworks/Metal.framework/Versions/A/Metal
0x000000003b741000 	/usr/lib/libate.dylib
0x000000003b741000 	/System/Library/PrivateFrameworks/GPUCompiler.framework/libmetal_timestamp.dylib
0x000000003b741000 	/System/Library/Frameworks/OpenGL.framework/Versions/A/Libraries/libCoreFSCache.dylib
0x000000003b741000 	/System/Library/PrivateFrameworks/IOAccelerator.framework/Versions/A/IOAccelerator
0x000000003b741000 	/System/Library/Frameworks/CoreVideo.framework/Versions/A/CoreVideo
0x000000003b741000 	/usr/lib/libFosl_dynamic.dylib
0x000000003b741000 	/System/Library/PrivateFrameworks/MetalPerformanceShaders.framework/Versions/A/MetalPerformanceShaders
0x000000003b741000 	/System/Library/PrivateFrameworks/FaceCore.framework/Versions/A/FaceCore
0x000000003b741000 	/System/Library/Frameworks/OpenCL.framework/Versions/A/OpenCL
0x000000003b741000 	/System/Library/Frameworks/OpenGL.framework/Versions/A/Libraries/libGLU.dylib
0x000000003b741000 	/System/Library/Frameworks/OpenGL.framework/Versions/A/Libraries/libGFXShared.dylib
0x000000003b741000 	/System/Library/Frameworks/OpenGL.framework/Versions/A/Libraries/libGL.dylib
0x000000003b741000 	/System/Library/Frameworks/OpenGL.framework/Versions/A/Libraries/libGLImage.dylib
0x000000003b741000 	/System/Library/Frameworks/OpenGL.framework/Versions/A/Libraries/libCVMSPluginSupport.dylib
0x000000003b741000 	/System/Library/Frameworks/OpenGL.framework/Versions/A/Libraries/libCoreVMClient.dylib
0x000000003b741000 	/System/Library/PrivateFrameworks/CrashReporterSupport.framework/Versions/A/CrashReporterSupport
0x000000003b741000 	/System/Library/PrivateFrameworks/Sharing.framework/Versions/A/Sharing
0x000000003b741000 	/System/Library/PrivateFrameworks/IconServices.framework/Versions/A/IconServices
0x000000003b741000 	/System/Library/PrivateFrameworks/ProtocolBuffer.framework/Versions/A/ProtocolBuffer
0x000000003b741000 	/System/Library/PrivateFrameworks/Apple80211.framework/Versions/A/Apple80211
0x000000003b741000 	/System/Library/Frameworks/CoreWLAN.framework/Versions/A/CoreWLAN
0x000000003b741000 	/System/Library/PrivateFrameworks/CoreUtils.framework/Versions/A/CoreUtils
0x000000003b741000 	/System/Library/Frameworks/IOBluetooth.framework/Versions/A/IOBluetooth
0x000000003b741000 	/System/Library/PrivateFrameworks/CoreWiFi.framework/Versions/A/CoreWiFi
0x000000003b741000 	/System/Library/Frameworks/CoreBluetooth.framework/Versions/A/CoreBluetooth
0x000000003b741000 	/System/Library/Frameworks/CoreDisplay.framework/Versions/A/CoreDisplay
0x000000003b741000 	/System/Library/PrivateFrameworks/IOPresentment.framework/Versions/A/IOPresentment
0x000000003b741000 	/System/Library/PrivateFrameworks/DebugSymbols.framework/Versions/A/DebugSymbols
0x000000003b741000 	/System/Library/PrivateFrameworks/CoreSymbolication.framework/Versions/A/CoreSymbolication
0x000000003b741000 	/System/Library/PrivateFrameworks/Symbolication.framework/Versions/A/Symbolication
0x000000003b741000 	/System/Library/PrivateFrameworks/AppleFSCompression.framework/Versions/A/AppleFSCompression
0x000000003b741000 	/System/Library/PrivateFrameworks/SpeechRecognitionCore.framework/Versions/A/SpeechRecognitionCore
0x000000003b741000 	/System/Library/PrivateFrameworks/ChunkingLibrary.framework/Versions/A/ChunkingLibrary
0x00000001024cc000 	/System/Library/CoreServices/Encodings/libSimplifiedChineseConverter.dylib
0x0000000102e00000 	/Applications/Android Studio.app/Contents/jre/jdk/Contents/Home/jre/lib/server/libjvm.dylib
0x000000003b741000 	/usr/lib/libstdc++.6.dylib
0x0000000102510000 	/Applications/Android Studio.app/Contents/jre/jdk/Contents/Home/jre/lib/libverify.dylib
0x000000010251d000 	/Applications/Android Studio.app/Contents/jre/jdk/Contents/Home/jre/lib/libjava.dylib
0x000000010255c000 	/Applications/Android Studio.app/Contents/jre/jdk/Contents/Home/jre/lib/libzip.dylib
0x0000000106c89000 	/System/Library/Frameworks/JavaVM.framework/Frameworks/JavaRuntimeSupport.framework/JavaRuntimeSupport
0x0000000106ca3000 	/System/Library/Frameworks/JavaVM.framework/Versions/A/Frameworks/JavaNativeFoundation.framework/Versions/A/JavaNativeFoundation
0x0000000106cb8000 	/System/Library/Frameworks/JavaVM.framework/Versions/A/JavaVM
0x000000003b741000 	/System/Library/Frameworks/Carbon.framework/Versions/A/Carbon
0x0000000106cc5000 	/System/Library/PrivateFrameworks/JavaLaunching.framework/Versions/A/JavaLaunching
0x000000003b741000 	/System/Library/Frameworks/Carbon.framework/Versions/A/Frameworks/CommonPanels.framework/Versions/A/CommonPanels
0x000000003b741000 	/System/Library/Frameworks/Carbon.framework/Versions/A/Frameworks/Help.framework/Versions/A/Help
0x000000003b741000 	/System/Library/Frameworks/Carbon.framework/Versions/A/Frameworks/ImageCapture.framework/Versions/A/ImageCapture
0x000000003b741000 	/System/Library/Frameworks/Carbon.framework/Versions/A/Frameworks/OpenScripting.framework/Versions/A/OpenScripting
0x000000003b741000 	/System/Library/Frameworks/Carbon.framework/Versions/A/Frameworks/Print.framework/Versions/A/Print
0x000000003b741000 	/System/Library/Frameworks/Carbon.framework/Versions/A/Frameworks/SecurityHI.framework/Versions/A/SecurityHI

VM Arguments:
jvm_args: -Djava.awt.headless=true -Xmx4g -Dfile.encoding=UTF-8 -Duser.country=CN -Duser.language=zh -Duser.variant 
java_command: com.android.dx.command.Main --dex --num-threads=4 --multi-dex --main-dex-list /Users/mac/Documents/newdemo/sxproject/Master/yxclient/build/intermediates/multi-dex/release/maindexlist.txt --output /Users/mac/Documents/newdemo/sxproject/Master/yxclient/build/intermediates/transforms/dex/release/folders/1000/1f/main /Users/mac/Documents/newdemo/sxproject/Master/yxclient/build/intermediates/transforms/jarMerging/release/jars/1/1f/combined.jar
java_class_path (initial): /Users/mac/Library/Android/sdk/build-tools/25.0.3/lib/dx.jar
Launcher Type: SUN_STANDARD

Environment Variables:
PATH=/usr/bin:/bin:/usr/sbin:/sbin
SHELL=/bin/bash

Signal Handlers:
SIGSEGV: [libjvm.dylib+0x57e9cd], sa_mask[0]=11111111011111110111111111111111, sa_flags=SA_ONSTACK|SA_RESTART|SA_SIGINFO
SIGBUS: [libjvm.dylib+0x57e9cd], sa_mask[0]=11111111011111110111111111111111, sa_flags=SA_RESTART|SA_SIGINFO
SIGFPE: [libjvm.dylib+0x45951c], sa_mask[0]=11111111011111110111111111111111, sa_flags=SA_RESTART|SA_SIGINFO
SIGPIPE: [libjvm.dylib+0x45951c], sa_mask[0]=11111111011111110111111111111111, sa_flags=SA_RESTART|SA_SIGINFO
SIGXFSZ: [libjvm.dylib+0x45951c], sa_mask[0]=11111111011111110111111111111111, sa_flags=SA_RESTART|SA_SIGINFO
SIGILL: [libjvm.dylib+0x45951c], sa_mask[0]=11111111011111110111111111111111, sa_flags=SA_RESTART|SA_SIGINFO
SIGUSR1: SIG_DFL, sa_mask[0]=00000000000000000000000000000000, sa_flags=none
SIGUSR2: [libjvm.dylib+0x45903a], sa_mask[0]=00100000000000000000000000000000, sa_flags=SA_RESTART|SA_SIGINFO
SIGHUP: [libjvm.dylib+0x457611], sa_mask[0]=11111111011111110111111111111111, sa_flags=SA_RESTART|SA_SIGINFO
SIGINT: [libjvm.dylib+0x457611], sa_mask[0]=11111111011111110111111111111111, sa_flags=SA_RESTART|SA_SIGINFO
SIGTERM: [libjvm.dylib+0x457611], sa_mask[0]=11111111011111110111111111111111, sa_flags=SA_RESTART|SA_SIGINFO
SIGQUIT: [libjvm.dylib+0x457611], sa_mask[0]=11111111011111110111111111111111, sa_flags=SA_RESTART|SA_SIGINFO


---------------  S Y S T E M  ---------------

OS:Bsduname:Darwin 16.0.0 Darwin Kernel Version 16.0.0: Mon Aug 29 17:56:20 PDT 2016; root:xnu-3789.1.32~3/RELEASE_X86_64 x86_64
rlimit: STACK 8192k, CORE 0k, NPROC 709, NOFILE 10240, AS infinity
load average:6.10 6.96 10.41

CPU:total 4 (2 cores per cpu, 2 threads per core) family 6 model 42 stepping 7, cmov, cx8, fxsr, mmx, sse, sse2, sse3, ssse3, sse4.1, sse4.2, popcnt, avx, aes, clmul, ht, tsc, tscinvbit

Memory: 4k page, physical 16777216k(16284k free)

/proc/meminfo:


vm_info: OpenJDK 64-Bit Server VM (25.112-b06) for bsd-amd64 JRE (1.8.0_112-release-b06), built on Dec  6 2016 12:18:58 by "builder" with gcc 4.2.1 (Based on Apple Inc. build 5658) (LLVM build 2336.11.00)

time: Mon Jan 22 20:29:23 2018
elapsed time: 22 seconds (0d 0h 0m 22s)

